
> @workspace/api-server@0.0.0 dev C:\Users\kiran\OneDrive\Desktop\HustleSafe\Hustle-Safe\Hustle-Safe\artifacts\api-server
> cross-env NODE_ENV=development pnpm run build && node --env-file=../../.env --enable-source-maps ./dist/index.mjs


> @workspace/api-server@0.0.0 build C:\Users\kiran\OneDrive\Desktop\HustleSafe\Hustle-Safe\Hustle-Safe\artifacts\api-server
> node ./build.mjs

node.exe : 
At C:\Users\kiran\AppData\
Roaming\npm\pnpm.ps1:24 
char:5
+     & "node$exe"  "$base
dir/node_modules/pnpm/bin/
pnpm.cjs" $args
+     ~~~~~~~~~~~~~~~~~~~~
~~~~~~~~~~~~~~~~~~~~~~~~~~
~~~~~~~~~~~~~~~
    + CategoryInfo        
      : NotSpecified: (:  
  String) [], RemoteExc   
 eption
    + FullyQualifiedError 
   Id : NativeCommandErr  
  or
 
  dist\index.mjs          
         2.2mb
  dist\pino-worker.mjs    
       153.5kb
  dist\pino-file.mjs      
       142.1kb
  dist\pino-pretty.mjs    
       114.6kb
  dist\thread-stream-worke
r.mjs    7.3kb
  ...and 5 more output 
files...

Done in 447ms
DATABASE_URL = postgresql://postgres.ldoxfiecpjshbzbiopdv:NYK4rHMxinYG3exq@aws-1-ap-southeast-2.pooler.supabase.com:6543/postgres?sslmode=require&pgbouncer=true&connection_limit=1&connect_timeout=30
[21:23:15.825] [31mERROR[39m (4616): [36mError listening on port[39m
    err: {
      "type": "Error",
      "message": "listen EADDRINUSE: address already in use :::5000",
      "stack":
          Error: listen EADDRINUSE: address already in use :::5000
              at Server.setupListenHandle [as _listen2] (node:net:1948:16)
              at listenInCluster (node:net:2005:12)
              at Server.listen (node:net:2110:7)
              at app2.listen (C:\Users\kiran\OneDrive\Desktop\HustleSafe\Hustle-Safe\Hustle-Safe\node_modules\.pnpm\express@5.2.1\node_modules\express\lib\application.js:605:24)
              at <anonymous> (C:\Users\kiran\OneDrive\Desktop\HustleSafe\Hustle-Safe\Hustle-Safe\artifacts\api-server\src\index.ts:18:5)
              at ModuleJob.run (node:internal/modules/esm/module_job:430:25)
              at async onImport.tracePromise.__proto__ (node:internal/modules/esm/loader:661:26)
              at async asyncRunEntryPointWithESMLoader (node:internal/modules/run_main:101:5)
      "code": "EADDRINUSE",
      "errno": -4091,
      "syscall": "listen",
      "address": "::",
      "port": 5000
    }
C:\Users\kiran\OneDrive\Desktop\HustleSafe\Hustle-Safe\Hustle-Safe\artifacts\api-server:
 ERR_PNPM_RECURSIVE_RUN_FIRST_FAIL  @workspace/api-server@0.0.0 dev: `cross-env NODE_ENV=development pnpm run build && node --env-file=../../.env --enable-source-maps ./dist/index.mjs`
Exit status 1
